<?xml version="1.0" encoding="UTF-8"?>
<!-- Generated by org.testng.reporters.JUnitReportReporter -->
<testsuite hostname="LAPTOP-I5A3CD95" failures="0" tests="1" name="Test.RegLog" time="4.087" errors="0" timestamp="2023-07-26T23:21:22 IST" skipped="0">
  <testcase classname="Test.RegLog" name="testregg" time="4.087"/>
</testsuite> <!-- Test.RegLog -->
