<?xml version="1.0" encoding="UTF-8"?>
<!-- Generated by org.testng.reporters.JUnitReportReporter -->
<testsuite hostname="LAPTOP-I5A3CD95" failures="0" tests="1" name="Test.LoginPage" time="1.094" errors="0" timestamp="2023-07-26T23:21:22 IST" skipped="0">
  <testcase classname="Test.LoginPage" name="testlogin" time="1.094"/>
</testsuite> <!-- Test.LoginPage -->
