<?xml version="1.0" encoding="UTF-8"?>
<!-- Generated by org.testng.reporters.JUnitReportReporter -->
<testsuite hostname="LAPTOP-I5A3CD95" failures="0" tests="1" name="Test.RegisterPage" time="1.018" errors="0" timestamp="2023-07-26T07:52:09 IST" skipped="0">
  <testcase classname="Test.RegisterPage" name="testreg" time="1.018"/>
</testsuite> <!-- Test.RegisterPage -->
